<?xml version="1.0" encoding="UTF-8"?>
<!-- Generated by org.testng.reporters.JUnitReportReporter -->
<testsuite hostname="Tamima" failures="0" tests="1" name="Utilities.searchTest" time="0.473" errors="0" timestamp="2024-08-25T12:16:25 BDT" skipped="0">
  <testcase classname="Utilities.searchTest" name="search" time="0.473"/>
</testsuite> <!-- Utilities.searchTest -->
